system          > 
system          > ConTeXt  ver: 2023.06.04 18:58 LMTX  fmt: 2023.6.21  int: english/english
system          > 
system          > 'cont-new.mkxl' loaded
open source     > level 1, order 1, name '/home/garfileo/opt/context/tex/texmf-context/tex/context/base/mkxl/cont-new.mkxl'
system          > beware: some patches loaded from cont-new.mkiv
close source    > level 1, order 1, name '/home/garfileo/opt/context/tex/texmf-context/tex/context/base/mkxl/cont-new.mkxl'
system          > files > jobname './03-01', input './03-01.tex', result './03-01'
fonts           > latin modern fonts are not preloaded
languages       > language 'en' is active
open source     > level 1, order 2, name './03-01.tex'
modules         > 'zhfonts' is loaded
open source     > level 2, order 3, name '/home/garfileo/opt/context/tex/texmf-local/tex/context/third/zhfonts/t-zhfonts.mkiv'
loading         > ConTeXt User Module / zhfonts
resolvers       > lua > loading file '/home/garfileo/opt/context/tex/texmf-local/tex/context/third/zhfonts/t-zhfonts.lua' succeeded
close source    > level 2, order 3, name '/home/garfileo/opt/context/tex/texmf-local/tex/context/third/zhfonts/t-zhfonts.mkiv'
open source     > level 2, order 4, name 'snail.tex'
close source    > level 2, order 4, name 'snail.tex'
system          > auto \starttext ... \stoptext
selectfont      > the requested font '' has no files for the 'tf' alternative, Latin Modern is used instead.
metapost        > initializing instance 'metafun:1' using format 'metafun' and method 'double'
metapost        > loading 'metafun' as '/home/garfileo/opt/context/tex/texmf-context/metapost/context/base/mpxl/metafun.mpxl' using method 'double'
metapost        > initializing number mode 'double'
metapost        > trace > This is MPLIB for LuaMetaTeX, version 3.14, running in double mode.
metapost        > trace > 
metapost        > trace > loading metafun for lmtx, including the plain 1.004 base definitions
metapost        > trace > 
backend         > xmp > using file '/home/garfileo/opt/context/tex/texmf-context/tex/context/base/mkiv/lpdf-pdx.xml'
pages           > flushing realpage 1, userpage 1, subpage 1
close source    > level 1, order 4, name './03-01.tex'
system          > start used files
system          > text: 03-01
system          > stop used files
system          > start used files
system          >    1: filename=publ-imp-default.lua filetype=scripts foundname=/home/garfileo/opt/context/tex/texmf-context/tex/context/base/mkiv/publ-imp-default.lua fullname=/home/garfileo/opt/context/tex/texmf-context/tex/context/base/mkiv/publ-imp-default.lua usedmethod=database
system          >    2: filename=cont-new.mkxl filetype=tex foundname=/home/garfileo/opt/context/tex/texmf-context/tex/context/base/mkxl/cont-new.mkxl fullname=/home/garfileo/opt/context/tex/texmf-context/tex/context/base/mkxl/cont-new.mkxl usedmethod=database
system          >    3: filename=lang-exc.lua filetype=scripts foundname=/home/garfileo/opt/context/tex/texmf-context/tex/context/base/mkiv/lang-exc.lua fullname=/home/garfileo/opt/context/tex/texmf-context/tex/context/base/mkiv/lang-exc.lua usedmethod=database
system          >    4: filename=lang-us.lua filetype=scripts foundname=/home/garfileo/opt/context/tex/texmf-context/tex/context/patterns/mkiv/lang-us.lua fullname=/home/garfileo/opt/context/tex/texmf-context/tex/context/patterns/mkiv/lang-us.lua usedmethod=database
system          >    5: filename=/home/garfileo/documents/liyanrui.github.io/source/Rust/figures/03-01.tex format=tex foundname=/home/garfileo/documents/liyanrui.github.io/source/Rust/figures/03-01.tex fullname=/home/garfileo/documents/liyanrui.github.io/source/Rust/figures/03-01.tex usedmethod=direct
system          >    6: filename=t-zhfonts.mkiv filetype=tex foundname=/home/garfileo/opt/context/tex/texmf-local/tex/context/third/zhfonts/t-zhfonts.mkiv fullname=/home/garfileo/opt/context/tex/texmf-local/tex/context/third/zhfonts/t-zhfonts.mkiv usedmethod=database
system          >    7: filename=t-zhfonts.lua filetype=tex format=tex foundname=/home/garfileo/opt/context/tex/texmf-local/tex/context/third/zhfonts/t-zhfonts.lua fullname=/home/garfileo/opt/context/tex/texmf-local/tex/context/third/zhfonts/t-zhfonts.lua usedmethod=database
system          >    8: filename=t-zhspuncs.lua filetype=tex format=tex foundname=/home/garfileo/opt/context/tex/texmf-local/tex/context/third/zhfonts/t-zhspuncs.lua fullname=/home/garfileo/opt/context/tex/texmf-local/tex/context/third/zhfonts/t-zhspuncs.lua usedmethod=database
system          >    9: filename=snail.tex filetype=tex format=tex foundname=/home/garfileo/opt/context/tex/texmf-local/tex/context/third/snail/snail.tex fullname=/home/garfileo/opt/context/tex/texmf-local/tex/context/third/snail/snail.tex usedmethod=database
system          >   10: filename=t-zhfonts.template filetype=tex foundname=/home/garfileo/opt/context/tex/texmf-local/tex/context/third/zhfonts/t-zhfonts.template fullname=/home/garfileo/opt/context/tex/texmf-local/tex/context/third/zhfonts/t-zhfonts.template usedmethod=database
system          >   11: filename=lm.lfg filetype=tex foundname=/home/garfileo/opt/context/tex/texmf-context/tex/context/fonts/mkiv/lm.lfg fullname=/home/garfileo/opt/context/tex/texmf-context/tex/context/fonts/mkiv/lm.lfg usedmethod=database
system          >   12: filename=lmroman10-regular.otf filetype=otf format=otf foundname=/home/garfileo/opt/context/tex/texmf/fonts/data/gust/lm/lmroman10-regular.otf fullname=/home/garfileo/opt/context/tex/texmf/fonts/data/gust/lm/lmroman10-regular.otf usedmethod=database
system          >   13: filename=simsun.ttc filetype=ttc format=ttc foundname=/home/garfileo/opt/context/tex/texmf-local/fonts/truetype/msfonts/simsun.ttc fullname=/home/garfileo/opt/context/tex/texmf-local/fonts/truetype/msfonts/simsun.ttc usedmethod=otherwise
system          >   14: filename=latinmodern-math.otf filetype=otf format=otf foundname=/home/garfileo/opt/context/tex/texmf/fonts/data/gust/lm/latinmodern-math.otf fullname=/home/garfileo/opt/context/tex/texmf/fonts/data/gust/lm/latinmodern-math.otf usedmethod=database
system          >   15: filename=modern-math.lfg filetype=tex foundname=/home/garfileo/opt/context/tex/texmf-context/tex/context/fonts/mkiv/modern-math.lfg fullname=/home/garfileo/opt/context/tex/texmf-context/tex/context/fonts/mkiv/modern-math.lfg usedmethod=database
system          >   16: filename=common-math.lfg filetype=tex foundname=/home/garfileo/opt/context/tex/texmf-context/tex/context/fonts/mkiv/common-math.lfg fullname=/home/garfileo/opt/context/tex/texmf-context/tex/context/fonts/mkiv/common-math.lfg usedmethod=database
system          >   17: filename=metafun.mpxl filetype=mp foundname=/home/garfileo/opt/context/tex/texmf-context/metapost/context/base/mpxl/metafun.mpxl fullname=/home/garfileo/opt/context/tex/texmf-context/metapost/context/base/mpxl/metafun.mpxl usedmethod=database
system          >   18: filename=mp-base.mpxl filetype=mp foundname=/home/garfileo/opt/context/tex/texmf-context/metapost/context/base/mpxl/mp-base.mpxl fullname=/home/garfileo/opt/context/tex/texmf-context/metapost/context/base/mpxl/mp-base.mpxl usedmethod=database
system          >   19: filename=mp-tool.mpxl filetype=mp foundname=/home/garfileo/opt/context/tex/texmf-context/metapost/context/base/mpxl/mp-tool.mpxl fullname=/home/garfileo/opt/context/tex/texmf-context/metapost/context/base/mpxl/mp-tool.mpxl usedmethod=database
system          >   20: filename=mp-luas.mpxl filetype=mp foundname=/home/garfileo/opt/context/tex/texmf-context/metapost/context/base/mpxl/mp-luas.mpxl fullname=/home/garfileo/opt/context/tex/texmf-context/metapost/context/base/mpxl/mp-luas.mpxl usedmethod=database
system          >   21: filename=mp-mlib.mpxl filetype=mp foundname=/home/garfileo/opt/context/tex/texmf-context/metapost/context/base/mpxl/mp-mlib.mpxl fullname=/home/garfileo/opt/context/tex/texmf-context/metapost/context/base/mpxl/mp-mlib.mpxl usedmethod=database
system          >   22: filename=mp-math.mpxl filetype=mp foundname=/home/garfileo/opt/context/tex/texmf-context/metapost/context/base/mpxl/mp-math.mpxl fullname=/home/garfileo/opt/context/tex/texmf-context/metapost/context/base/mpxl/mp-math.mpxl usedmethod=database
system          >   23: filename=mp-cont.mpxl filetype=mp foundname=/home/garfileo/opt/context/tex/texmf-context/metapost/context/base/mpxl/mp-cont.mpxl fullname=/home/garfileo/opt/context/tex/texmf-context/metapost/context/base/mpxl/mp-cont.mpxl usedmethod=database
system          >   24: filename=mp-page.mpxl filetype=mp foundname=/home/garfileo/opt/context/tex/texmf-context/metapost/context/base/mpxl/mp-page.mpxl fullname=/home/garfileo/opt/context/tex/texmf-context/metapost/context/base/mpxl/mp-page.mpxl usedmethod=database
system          >   25: filename=mp-butt.mpxl filetype=mp foundname=/home/garfileo/opt/context/tex/texmf-context/metapost/context/base/mpxl/mp-butt.mpxl fullname=/home/garfileo/opt/context/tex/texmf-context/metapost/context/base/mpxl/mp-butt.mpxl usedmethod=database
system          >   26: filename=mp-shap.mpxl filetype=mp foundname=/home/garfileo/opt/context/tex/texmf-context/metapost/context/base/mpxl/mp-shap.mpxl fullname=/home/garfileo/opt/context/tex/texmf-context/metapost/context/base/mpxl/mp-shap.mpxl usedmethod=database
system          >   27: filename=mp-grph.mpxl filetype=mp foundname=/home/garfileo/opt/context/tex/texmf-context/metapost/context/base/mpxl/mp-grph.mpxl fullname=/home/garfileo/opt/context/tex/texmf-context/metapost/context/base/mpxl/mp-grph.mpxl usedmethod=database
system          >   28: filename=mp-grid.mpxl filetype=mp foundname=/home/garfileo/opt/context/tex/texmf-context/metapost/context/base/mpxl/mp-grid.mpxl fullname=/home/garfileo/opt/context/tex/texmf-context/metapost/context/base/mpxl/mp-grid.mpxl usedmethod=database
system          >   29: filename=mp-form.mpxl filetype=mp foundname=/home/garfileo/opt/context/tex/texmf-context/metapost/context/base/mpxl/mp-form.mpxl fullname=/home/garfileo/opt/context/tex/texmf-context/metapost/context/base/mpxl/mp-form.mpxl usedmethod=database
system          >   30: filename=mp-figs.mpxl filetype=mp foundname=/home/garfileo/opt/context/tex/texmf-context/metapost/context/base/mpxl/mp-figs.mpxl fullname=/home/garfileo/opt/context/tex/texmf-context/metapost/context/base/mpxl/mp-figs.mpxl usedmethod=database
system          >   31: filename=mp-func.mpxl filetype=mp foundname=/home/garfileo/opt/context/tex/texmf-context/metapost/context/base/mpxl/mp-func.mpxl fullname=/home/garfileo/opt/context/tex/texmf-context/metapost/context/base/mpxl/mp-func.mpxl usedmethod=database
system          >   32: filename=mp-node.mpxl filetype=mp foundname=/home/garfileo/opt/context/tex/texmf-context/metapost/context/base/mpxl/mp-node.mpxl fullname=/home/garfileo/opt/context/tex/texmf-context/metapost/context/base/mpxl/mp-node.mpxl usedmethod=database
system          >   33: filename=mp-apos.mpxl filetype=mp foundname=/home/garfileo/opt/context/tex/texmf-context/metapost/context/base/mpxl/mp-apos.mpxl fullname=/home/garfileo/opt/context/tex/texmf-context/metapost/context/base/mpxl/mp-apos.mpxl usedmethod=database
system          >   34: filename=mp-abck.mpxl filetype=mp foundname=/home/garfileo/opt/context/tex/texmf-context/metapost/context/base/mpxl/mp-abck.mpxl fullname=/home/garfileo/opt/context/tex/texmf-context/metapost/context/base/mpxl/mp-abck.mpxl usedmethod=database
system          >   35: filename=mp-asnc.mpxl filetype=mp foundname=/home/garfileo/opt/context/tex/texmf-context/metapost/context/base/mpxl/mp-asnc.mpxl fullname=/home/garfileo/opt/context/tex/texmf-context/metapost/context/base/mpxl/mp-asnc.mpxl usedmethod=database
system          >   36: filename=mp-blob.mpxl filetype=mp foundname=/home/garfileo/opt/context/tex/texmf-context/metapost/context/base/mpxl/mp-blob.mpxl fullname=/home/garfileo/opt/context/tex/texmf-context/metapost/context/base/mpxl/mp-blob.mpxl usedmethod=database
system          >   37: filename=mp-lmtx.mpxl filetype=mp foundname=/home/garfileo/opt/context/tex/texmf-context/metapost/context/base/mpxl/mp-lmtx.mpxl fullname=/home/garfileo/opt/context/tex/texmf-context/metapost/context/base/mpxl/mp-lmtx.mpxl usedmethod=database
system          >   38: filename=mp-text.mpxl filetype=mp foundname=/home/garfileo/opt/context/tex/texmf-context/metapost/context/base/mpxl/mp-text.mpxl fullname=/home/garfileo/opt/context/tex/texmf-context/metapost/context/base/mpxl/mp-text.mpxl usedmethod=database
system          >   39: filename=lmmono10-regular.otf filetype=otf format=otf foundname=/home/garfileo/opt/context/tex/texmf/fonts/data/gust/lm/lmmono10-regular.otf fullname=/home/garfileo/opt/context/tex/texmf/fonts/data/gust/lm/lmmono10-regular.otf usedmethod=database
system          >   40: filename=simkai.ttf filetype=ttf format=ttf foundname=/home/garfileo/opt/context/tex/texmf-local/fonts/truetype/msfonts/simkai.ttf fullname=/home/garfileo/opt/context/tex/texmf-local/fonts/truetype/msfonts/simkai.ttf usedmethod=database
system          >   41: filename=lpdf-pdx.xml filetype=tex foundname=/home/garfileo/opt/context/tex/texmf-context/tex/context/base/mkiv/lpdf-pdx.xml fullname=/home/garfileo/opt/context/tex/texmf-context/tex/context/base/mkiv/lpdf-pdx.xml usedmethod=database
system          > stop used files
system          > start commandline options
system          > currentrun="1"
system          > fulljobname="./03-01.tex"
system          > input="./03-01.tex"
system          > kindofrun="1"
system          > maxnofruns="9"
system          > texmfbinpath="/home/garfileo/opt/context/tex/texmf-linux-64/bin"
system          > stop commandline options
system          > start commandline files
system          >    1: ./03-01.tex
system          > stop commandline files
modules         > start used modules
modules         > loaded : *-zhfonts
modules         > stop used modules
system          > 
system          > status after finishing run
system          > 
system          >   -----------------------------------------------------------------------------------------------------------------------------------------------------------------------------------
system          >           string       pool       hash     lookup       node      token     buffer      input       file       nest  parameter       save       font   language       mark     insert
system          >   -----------------------------------------------------------------------------------------------------------------------------------------------------------------------------------
system          >   max    2097152  100000000    2097152    2097152  100000000   10000000  100000000     100000       2000      10000     100000     500000     100000      10000      10000        500
system          >   min     150000   10000000     150000     150000    2000000    1000000    1000000      10000        500       1000      20000     100000        250        250         50         10
system          >   set     500000   10000000     250000     250000   50000000   10000000   10000000     100000       2000      10000     100000     500000     100000        250        250        250
system          >   stp     100000    1000000     100000     100000     500000     250000    1000000      10000        250       1000      10000      10000        250        250         50         25
system          > 
system          >   mem     150000     969426     150000               2000000    1000000    1000000      10000        500       1000      20000      10000   10176752        144       1200        320
system          >   all    2400000     969426    2400000              18000000    8000000    1000000     320000      16000      72000      80000     160000   10176752        144      28800      10240
system          > 
system          >   ini    2145695     919716          0      48526          0     530329                                                                                       0                      
system          >   ptr      50847                 10317      50830                587197          0          0          0          0          0          0         10          0          0          7
system          >   top      50848                806398     131074      17421     619319        340         43          9         14         29        614        250        250         50         10
system          >   -----------------------------------------------------------------------------------------------------------------------------------------------------------------------------------
system          > 
system          >   current input type    : initial
system          > 
system          >   approximate memory    : 47546546 (45 MB)
system          > 
system          >   expansion depth       : min: 10000, max: 1000000, set: 10000, top: 6
system          > 
system          >   luabytecode registers : 1011
system          >   luabytecode bytes     : 16192 (0 MB)
system          >   luastate bytes now    : 128731831 (122 MB)
system          >   luastate bytes max    : 128911263 (122 MB)
system          > 
system          >   file callbacks        : 1064
system          >   saved callbacks       : 843
system          >   direct callbacks      : 5
system          >   function callbacks    : 2551
system          >   value callbacks       : 14
system          >   message callbacks     : 0
system          >   bytecode callbacks    : 616
system          > 
system          >   mp instances          : 1
system          >   mp estimated memory   : 4598584 (4 MB)
system          >   mp file callbacks     : 13699
system          >   mp text callbacks     : 0
system          >   mp script callbacks   : 553
system          >   mp log callbacks      : 19
system          > 
system          >   total callbacks       : 5093
system          >   mp total callbacks    : 14271
system          >   backend callbacks     : 0
system          > 
mkiv lua stats  > used config file: selfautoparent:/texmf/web2c/texmfcnf.lua
mkiv lua stats  > used cache path: /home/garfileo/opt/context/tex/texmf-cache/luametatex-cache/context/5fe67e0bfe781ce0dde776fb1556f32e
mkiv lua stats  > resource resolver: loadtime 0.005 seconds, 0 scans with scantime 0.000 seconds, 0 shared scans, 41 found files, scanned paths: <none>
mkiv lua stats  > stored bytecode data: 511 modules (0.376 sec), 105 tables (0.040 sec), 616 chunks (0.416 sec)
mkiv lua stats  > traced context: maxstack: 1708, freed: 3, unreachable: 1705
mkiv lua stats  > cleaned up reserved nodes: 76 nodes, 8 lists of 435
mkiv lua stats  > node memory usage: 15 attribute, 3 glue, 126 gluespec, 3 kern, 645 mathspec, 4 penalty, 2 temp
mkiv lua stats  > node list callback tasks: 16 unique task lists, 11 instances (re)created, 219 calls
mkiv lua stats  > used backend: pdf
mkiv lua stats  > jobdata time: 0.001 seconds saving, 0.000 seconds loading
mkiv lua stats  > callbacks: file: 1064, saved: 843, direct: 5, function: 2551, value: 14, message: 0, bytecode: 616, late 0, total: 5093 (5093 per page)
mkiv lua stats  > randomizer: resumed with value 0.04103177760146
mkiv lua stats  > loaded tex modules: 1 requested, all found (*-zhfonts)
mkiv lua stats  > loaded patterns: cn::58 en::1, load time: 0.000
mkiv lua stats  > loaded fonts: 5 files: simkai.ttf, simsun.ttc, latinmodern-math.otf, lmmono10-regular.otf, lmroman10-regular.otf
mkiv lua stats  > font engine: otf 3.133, afm 1.513, tfm 1.000, 10 instances, 3 shared in backend, 3 common vectors, 0 common hashes, load time 0.808 seconds 
mkiv lua stats  > metapost: 0.155 seconds, loading: 0.038, execution: 0.155, n: 3, average: 0.116, instances: 1, luacalls: 14271 (file: 13699, text: 0, script: 553, log: 19), memory: 4.386 M
mkiv lua stats  > math tweaking time: 0.175 seconds, 12 math goodie tables
mkiv lua stats  > font embedding time: 0.033 seconds, 2 fonts
mkiv lua stats  > result saved in file: 03-01.pdf, compresslevel 1, objectcompresslevel 3
mkiv lua stats  > positions: 4 collected, 0 deltas, 0 shared partials, 0 partial entries
mkiv lua stats  > used platform: linux-64, type: unix, binary subtree: texmf-linux-64
mkiv lua stats  > used engine: luametatex version: 2.1009, functionality level: 20230604, format id: 693, compiler: gcc
mkiv lua stats  > tex properties: 806398 hash slots used of 2097152, 50830 control sequences, approximate memory usage: 45 MB
mkiv lua stats  > lua properties: engine: lua 5.4, used memory: 127 MB, ctx: 122 MB, max: 122 MB, symbol mask: utf (τεχ)
mkiv lua stats  > runtime: 3.793 seconds, 1 processed pages, 1 shipped pages, 0.264 pages/second
