system          > 
system          > ConTeXt  ver: 2023.05.08 17:39 LMTX  fmt: 2023.5.19  int: english/english
system          > 
system          > 'cont-new.mkxl' loaded
open source     > level 1, order 1, name '/home/garfileo/opt/context/tex/texmf-context/tex/context/base/mkxl/cont-new.mkxl'
system          > beware: some patches loaded from cont-new.mkiv
close source    > level 1, order 1, name '/home/garfileo/opt/context/tex/texmf-context/tex/context/base/mkxl/cont-new.mkxl'
system          > files > jobname './01', input './01.tex', result './01'
fonts           > latin modern fonts are not preloaded
languages       > language 'en' is active
open source     > level 1, order 2, name './01.tex'
open source     > level 2, order 3, name 'snail.tex'
close source    > level 2, order 3, name 'snail.tex'
system          > auto \starttext ... \stoptext
fonts           > preloading latin modern fonts (second stage)
fonts           > 'fallback modern rm 12pt' is loaded
metapost        > initializing instance 'metafun:1' using format 'metafun' and method 'double'
metapost        > loading 'metafun' as '/home/garfileo/opt/context/tex/texmf-context/metapost/context/base/mpxl/metafun.mpxl' using method 'double'
metapost        > initializing number mode 'double'
metapost        > trace > This is MPLIB for LuaMetaTeX, version 3.14, running in double mode.
metapost        > trace > 
metapost        > trace > loading metafun for lmtx, including the plain 1.004 base definitions
metapost        > trace > 
backend         > xmp > using file '/home/garfileo/opt/context/tex/texmf-context/tex/context/base/mkiv/lpdf-pdx.xml'
pages           > flushing realpage 1, userpage 1, subpage 1
close source    > level 1, order 3, name './01.tex'
system          > start used files
system          > text: 01
system          > stop used files
system          > start used files
system          >    1: filename=publ-imp-default.lua filetype=lua foundname=/home/garfileo/opt/context/tex/texmf-context/tex/context/base/mkiv/publ-imp-default.lua fullname=/home/garfileo/opt/context/tex/texmf-context/tex/context/base/mkiv/publ-imp-default.lua usedmethod=database
system          >    2: filename=cont-new.mkxl filetype=tex foundname=/home/garfileo/opt/context/tex/texmf-context/tex/context/base/mkxl/cont-new.mkxl fullname=/home/garfileo/opt/context/tex/texmf-context/tex/context/base/mkxl/cont-new.mkxl usedmethod=database
system          >    3: filename=lang-exc.lua filetype=lua foundname=/home/garfileo/opt/context/tex/texmf-context/tex/context/base/mkiv/lang-exc.lua fullname=/home/garfileo/opt/context/tex/texmf-context/tex/context/base/mkiv/lang-exc.lua usedmethod=database
system          >    4: filename=lang-us.lua filetype=lua foundname=/home/garfileo/opt/context/tex/texmf-context/tex/context/patterns/mkiv/lang-us.lua fullname=/home/garfileo/opt/context/tex/texmf-context/tex/context/patterns/mkiv/lang-us.lua usedmethod=database
system          >    5: filename=/home/garfileo/documents/liyanrui.github.io/source/metafun/examples/01.tex format=tex foundname=/home/garfileo/documents/liyanrui.github.io/source/metafun/examples/01.tex fullname=/home/garfileo/documents/liyanrui.github.io/source/metafun/examples/01.tex usedmethod=direct
system          >    6: filename=snail.tex format=tex foundname=snail.tex fullname=/home/garfileo/documents/liyanrui.github.io/source/metafun/examples/snail.tex usedmethod=direct
system          >    7: filename=lm.lfg filetype=tex foundname=/home/garfileo/opt/context/tex/texmf-context/tex/context/fonts/mkiv/lm.lfg fullname=/home/garfileo/opt/context/tex/texmf-context/tex/context/fonts/mkiv/lm.lfg usedmethod=database
system          >    8: filename=lmroman10-regular filetype=otf format=otf foundname=/home/garfileo/opt/context/tex/texmf/fonts/data/gust/lm/lmroman10-regular.otf fullname=/home/garfileo/opt/context/tex/texmf/fonts/data/gust/lm/lmroman10-regular.otf usedmethod=database
system          >    9: filename=modern-text.lfg filetype=tex foundname=/home/garfileo/opt/context/tex/texmf-context/tex/context/fonts/mkiv/modern-text.lfg fullname=/home/garfileo/opt/context/tex/texmf-context/tex/context/fonts/mkiv/modern-text.lfg usedmethod=database
system          >   10: filename=latinmodern-math.otf filetype=otf format=otf foundname=/home/garfileo/opt/context/tex/texmf/fonts/data/gust/lm/latinmodern-math.otf fullname=/home/garfileo/opt/context/tex/texmf/fonts/data/gust/lm/latinmodern-math.otf usedmethod=database
system          >   11: filename=modern-math.lfg filetype=tex foundname=/home/garfileo/opt/context/tex/texmf-context/tex/context/fonts/mkiv/modern-math.lfg fullname=/home/garfileo/opt/context/tex/texmf-context/tex/context/fonts/mkiv/modern-math.lfg usedmethod=database
system          >   12: filename=common-math.lfg filetype=tex foundname=/home/garfileo/opt/context/tex/texmf-context/tex/context/fonts/mkiv/common-math.lfg fullname=/home/garfileo/opt/context/tex/texmf-context/tex/context/fonts/mkiv/common-math.lfg usedmethod=database
system          >   13: filename=metafun.mpxl filetype=mp foundname=/home/garfileo/opt/context/tex/texmf-context/metapost/context/base/mpxl/metafun.mpxl fullname=/home/garfileo/opt/context/tex/texmf-context/metapost/context/base/mpxl/metafun.mpxl usedmethod=database
system          >   14: filename=mp-base.mpxl filetype=mp foundname=/home/garfileo/opt/context/tex/texmf-context/metapost/context/base/mpxl/mp-base.mpxl fullname=/home/garfileo/opt/context/tex/texmf-context/metapost/context/base/mpxl/mp-base.mpxl usedmethod=database
system          >   15: filename=mp-tool.mpxl filetype=mp foundname=/home/garfileo/opt/context/tex/texmf-context/metapost/context/base/mpxl/mp-tool.mpxl fullname=/home/garfileo/opt/context/tex/texmf-context/metapost/context/base/mpxl/mp-tool.mpxl usedmethod=database
system          >   16: filename=mp-luas.mpxl filetype=mp foundname=/home/garfileo/opt/context/tex/texmf-context/metapost/context/base/mpxl/mp-luas.mpxl fullname=/home/garfileo/opt/context/tex/texmf-context/metapost/context/base/mpxl/mp-luas.mpxl usedmethod=database
system          >   17: filename=mp-mlib.mpxl filetype=mp foundname=/home/garfileo/opt/context/tex/texmf-context/metapost/context/base/mpxl/mp-mlib.mpxl fullname=/home/garfileo/opt/context/tex/texmf-context/metapost/context/base/mpxl/mp-mlib.mpxl usedmethod=database
system          >   18: filename=mp-math.mpxl filetype=mp foundname=/home/garfileo/opt/context/tex/texmf-context/metapost/context/base/mpxl/mp-math.mpxl fullname=/home/garfileo/opt/context/tex/texmf-context/metapost/context/base/mpxl/mp-math.mpxl usedmethod=database
system          >   19: filename=mp-cont.mpxl filetype=mp foundname=/home/garfileo/opt/context/tex/texmf-context/metapost/context/base/mpxl/mp-cont.mpxl fullname=/home/garfileo/opt/context/tex/texmf-context/metapost/context/base/mpxl/mp-cont.mpxl usedmethod=database
system          >   20: filename=mp-page.mpxl filetype=mp foundname=/home/garfileo/opt/context/tex/texmf-context/metapost/context/base/mpxl/mp-page.mpxl fullname=/home/garfileo/opt/context/tex/texmf-context/metapost/context/base/mpxl/mp-page.mpxl usedmethod=database
system          >   21: filename=mp-butt.mpxl filetype=mp foundname=/home/garfileo/opt/context/tex/texmf-context/metapost/context/base/mpxl/mp-butt.mpxl fullname=/home/garfileo/opt/context/tex/texmf-context/metapost/context/base/mpxl/mp-butt.mpxl usedmethod=database
system          >   22: filename=mp-shap.mpxl filetype=mp foundname=/home/garfileo/opt/context/tex/texmf-context/metapost/context/base/mpxl/mp-shap.mpxl fullname=/home/garfileo/opt/context/tex/texmf-context/metapost/context/base/mpxl/mp-shap.mpxl usedmethod=database
system          >   23: filename=mp-grph.mpxl filetype=mp foundname=/home/garfileo/opt/context/tex/texmf-context/metapost/context/base/mpxl/mp-grph.mpxl fullname=/home/garfileo/opt/context/tex/texmf-context/metapost/context/base/mpxl/mp-grph.mpxl usedmethod=database
system          >   24: filename=mp-grid.mpxl filetype=mp foundname=/home/garfileo/opt/context/tex/texmf-context/metapost/context/base/mpxl/mp-grid.mpxl fullname=/home/garfileo/opt/context/tex/texmf-context/metapost/context/base/mpxl/mp-grid.mpxl usedmethod=database
system          >   25: filename=mp-form.mpxl filetype=mp foundname=/home/garfileo/opt/context/tex/texmf-context/metapost/context/base/mpxl/mp-form.mpxl fullname=/home/garfileo/opt/context/tex/texmf-context/metapost/context/base/mpxl/mp-form.mpxl usedmethod=database
system          >   26: filename=mp-figs.mpxl filetype=mp foundname=/home/garfileo/opt/context/tex/texmf-context/metapost/context/base/mpxl/mp-figs.mpxl fullname=/home/garfileo/opt/context/tex/texmf-context/metapost/context/base/mpxl/mp-figs.mpxl usedmethod=database
system          >   27: filename=mp-func.mpxl filetype=mp foundname=/home/garfileo/opt/context/tex/texmf-context/metapost/context/base/mpxl/mp-func.mpxl fullname=/home/garfileo/opt/context/tex/texmf-context/metapost/context/base/mpxl/mp-func.mpxl usedmethod=database
system          >   28: filename=mp-node.mpxl filetype=mp foundname=/home/garfileo/opt/context/tex/texmf-context/metapost/context/base/mpxl/mp-node.mpxl fullname=/home/garfileo/opt/context/tex/texmf-context/metapost/context/base/mpxl/mp-node.mpxl usedmethod=database
system          >   29: filename=mp-apos.mpxl filetype=mp foundname=/home/garfileo/opt/context/tex/texmf-context/metapost/context/base/mpxl/mp-apos.mpxl fullname=/home/garfileo/opt/context/tex/texmf-context/metapost/context/base/mpxl/mp-apos.mpxl usedmethod=database
system          >   30: filename=mp-abck.mpxl filetype=mp foundname=/home/garfileo/opt/context/tex/texmf-context/metapost/context/base/mpxl/mp-abck.mpxl fullname=/home/garfileo/opt/context/tex/texmf-context/metapost/context/base/mpxl/mp-abck.mpxl usedmethod=database
system          >   31: filename=mp-asnc.mpxl filetype=mp foundname=/home/garfileo/opt/context/tex/texmf-context/metapost/context/base/mpxl/mp-asnc.mpxl fullname=/home/garfileo/opt/context/tex/texmf-context/metapost/context/base/mpxl/mp-asnc.mpxl usedmethod=database
system          >   32: filename=mp-blob.mpxl filetype=mp foundname=/home/garfileo/opt/context/tex/texmf-context/metapost/context/base/mpxl/mp-blob.mpxl fullname=/home/garfileo/opt/context/tex/texmf-context/metapost/context/base/mpxl/mp-blob.mpxl usedmethod=database
system          >   33: filename=mp-lmtx.mpxl filetype=mp foundname=/home/garfileo/opt/context/tex/texmf-context/metapost/context/base/mpxl/mp-lmtx.mpxl fullname=/home/garfileo/opt/context/tex/texmf-context/metapost/context/base/mpxl/mp-lmtx.mpxl usedmethod=database
system          >   34: filename=mp-text.mpxl filetype=mp foundname=/home/garfileo/opt/context/tex/texmf-context/metapost/context/base/mpxl/mp-text.mpxl fullname=/home/garfileo/opt/context/tex/texmf-context/metapost/context/base/mpxl/mp-text.mpxl usedmethod=database
system          >   35: filename=lpdf-pdx.xml filetype=tex foundname=/home/garfileo/opt/context/tex/texmf-context/tex/context/base/mkiv/lpdf-pdx.xml fullname=/home/garfileo/opt/context/tex/texmf-context/tex/context/base/mkiv/lpdf-pdx.xml usedmethod=database
system          > stop used files
system          > start commandline options
system          > currentrun="1"
system          > fulljobname="./01.tex"
system          > input="./01.tex"
system          > kindofrun="1"
system          > maxnofruns="9"
system          > texmfbinpath="/home/garfileo/opt/context/tex/texmf-linux-64/bin"
system          > stop commandline options
system          > start commandline files
system          >    1: ./01.tex
system          > stop commandline files
modules         > start used modules
modules         > stop used modules
system          > 
system          > status after finishing run
system          > 
system          >   -----------------------------------------------------------------------------------------------------------------------------------------------------------------------------------
system          >           string       pool       hash     lookup       node      token     buffer      input       file       nest  parameter       save       font   language       mark     insert
system          >   -----------------------------------------------------------------------------------------------------------------------------------------------------------------------------------
system          >   max    2097152  100000000    2097152    2097152  100000000   10000000  100000000     100000       2000      10000     100000     500000     100000      10000      10000        500
system          >   min     150000   10000000     150000     150000    2000000    1000000    1000000      10000        500       1000      20000     100000        250        250         50         10
system          >   set     500000   10000000     250000     250000   50000000   10000000   10000000     100000       2000      10000     100000     500000     100000        250        250        250
system          >   stp     100000    1000000     100000     100000     500000     250000    1000000      10000        250       1000      10000      10000        250        250         50         25
system          > 
system          >   mem     150000     961305     150000               2000000    1000000    1000000      10000        500       1000      20000      10000    6507160         96       1200        320
system          >   all    2400000     961305    2400000              18000000    8000000    1000000     320000      16000      72000      80000     160000    6507160         96      28800      10240
system          > 
system          >   ini    2145575     917091          0      48407          0     530756                                                                                       0                      
system          >   ptr      50306                 10053      50290                567825          0          0          0          0          0          0          8          0          0          7
system          >   top      50307                806391     131074       7870     605335        340         42          6         13         39        557        250        250         50         10
system          >   -----------------------------------------------------------------------------------------------------------------------------------------------------------------------------------
system          > 
system          >   current input type    : initial
system          > 
system          >   approximate memory    : 43353073 (41 MB)
system          > 
system          >   expansion depth       : min: 10000, max: 1000000, set: 10000, top: 5
system          > 
system          >   luabytecode registers : 1010
system          >   luabytecode bytes     : 16176 (0 MB)
system          >   luastate bytes now    : 67313352 (64 MB)
system          >   luastate bytes max    : 67313352 (64 MB)
system          > 
system          >   file callbacks        : 789
system          >   saved callbacks       : 337
system          >   direct callbacks      : 3
system          >   function callbacks    : 1221
system          >   value callbacks       : 2
system          >   message callbacks     : 0
system          >   bytecode callbacks    : 615
system          > 
system          >   mp instances          : 1
system          >   mp estimated memory   : 4461752 (4 MB)
system          >   mp file callbacks     : 13699
system          >   mp text callbacks     : 0
system          >   mp script callbacks   : 443
system          >   mp log callbacks      : 19
system          > 
system          >   total callbacks       : 2967
system          >   mp total callbacks    : 14161
system          >   backend callbacks     : 0
system          > 
mkiv lua stats  > used config file: selfautoparent:/texmf/web2c/texmfcnf.lua
mkiv lua stats  > used cache path: /home/garfileo/opt/context/tex/texmf-cache/luametatex-cache/context/5fe67e0bfe781ce0dde776fb1556f32e
mkiv lua stats  > resource resolver: loadtime 0.005 seconds, 0 scans with scantime 0.000 seconds, 0 shared scans, 35 found files, scanned paths: <none>
mkiv lua stats  > stored bytecode data: 510 modules (0.250 sec), 105 tables (0.012 sec), 615 chunks (0.262 sec)
mkiv lua stats  > traced context: maxstack: 1701, freed: 3, unreachable: 1698
mkiv lua stats  > cleaned up reserved nodes: 76 nodes, 8 lists of 435
mkiv lua stats  > node memory usage: 15 attribute, 3 glue, 120 gluespec, 3 kern, 645 mathspec, 4 penalty, 2 temp
mkiv lua stats  > node list callback tasks: 16 unique task lists, 12 instances (re)created, 55 calls
mkiv lua stats  > used backend: pdf
mkiv lua stats  > jobdata time: 0.017 seconds saving, 0.001 seconds loading
mkiv lua stats  > callbacks: file: 789, saved: 337, direct: 3, function: 1221, value: 2, message: 0, bytecode: 615, late 0, total: 2967 (2967 per page)
mkiv lua stats  > randomizer: resumed with value 0.32788535004976
mkiv lua stats  > loaded patterns: en::1, load time: 0.000
mkiv lua stats  > loaded fonts: 2 files: latinmodern-math.otf, lmroman10-regular.otf
mkiv lua stats  > font engine: otf 3.133, afm 1.513, tfm 1.000, 8 instances, 4 shared in backend, 3 common vectors, 1 common hashes, load time 0.237 seconds 
mkiv lua stats  > metapost: 0.007 seconds, loading: 0.030, execution: 0.007, n: 3, average: 0.015, instances: 1, luacalls: 14161 (file: 13699, text: 0, script: 443, log: 19), memory: 4.255 M
mkiv lua stats  > math tweaking time: 0.099 seconds, 12 math goodie tables
mkiv lua stats  > font embedding time: 0.003 seconds, 2 fonts
mkiv lua stats  > result saved in file: 01.pdf, compresslevel 1, objectcompresslevel 3
mkiv lua stats  > positions: 4 collected, 0 deltas, 0 shared partials, 0 partial entries
mkiv lua stats  > used platform: linux-64, type: unix, binary subtree: texmf-linux-64
mkiv lua stats  > used engine: luametatex version: 2.1009, functionality level: 20230508, format id: 689, compiler: gcc
mkiv lua stats  > tex properties: 806391 hash slots used of 2097152, 50290 control sequences, approximate memory usage: 41 MB
mkiv lua stats  > lua properties: engine: lua 5.4, used memory: 67 MB, ctx: 64 MB, max: 64 MB, symbol mask: utf (τεχ)
mkiv lua stats  > runtime: 0.637 seconds, 1 processed pages, 1 shipped pages, 1.571 pages/second
