system          > 
system          > ConTeXt  ver: 2023.04.15 00:23 LMTX  fmt: 2023.4.19  int: english/english
system          > 
system          > 'cont-new.mkxl' loaded
open source     > level 1, order 1, name '/home/garfileo/opt/context/tex/texmf-context/tex/context/base/mkxl/cont-new.mkxl'
system          > beware: some patches loaded from cont-new.mkiv
close source    > level 1, order 1, name '/home/garfileo/opt/context/tex/texmf-context/tex/context/base/mkxl/cont-new.mkxl'
system          > files > jobname './2023-04-20', input './2023-04-20.tex', result './2023-04-20'
fonts           > latin modern fonts are not preloaded
languages       > language 'en' is active
open source     > level 1, order 2, name './2023-04-20.tex'
open source     > level 2, order 3, name 'xxxenv.tex'
modules         > 'zhfonts' is loaded
open source     > level 3, order 4, name '/home/garfileo/opt/context/tex/texmf-local/tex/context/third/zhfonts/t-zhfonts.mkiv'
loading         > ConTeXt User Module / zhfonts
resolvers       > lua > loading file '/home/garfileo/opt/context/tex/texmf-local/tex/context/third/zhfonts/t-zhfonts.lua' succeeded
close source    > level 3, order 4, name '/home/garfileo/opt/context/tex/texmf-local/tex/context/third/zhfonts/t-zhfonts.mkiv'
open source     > level 3, order 5, name '/home/garfileo/opt/context/tex/texmf-context/tex/context/base/mkiv/colo-imp-svg.mkiv'
close source    > level 3, order 5, name '/home/garfileo/opt/context/tex/texmf-context/tex/context/base/mkiv/colo-imp-svg.mkiv'
colors          > system 'svg' is loaded
close source    > level 2, order 5, name 'xxxenv.tex'
selectfont      > the requested font '' has no files for the 'tf' alternative, Latin Modern is used instead.
open source     > level 2, order 6, name '/home/garfileo/opt/context/tex/texmf-context/tex/context/fonts/mkiv/type-imp-antykwa.mkiv'
close source    > level 2, order 6, name '/home/garfileo/opt/context/tex/texmf-context/tex/context/fonts/mkiv/type-imp-antykwa.mkiv'
structure       > sectioning > title @ level 2 : 0.0 -> \bluebox {会暖和起来的，数学！}
fonts           > defining > font 'NotoSerifCJK-Bold', feature 'locl', script 'hani', no language 'dflt'
fonts           > defining > font 'NotoSerifCJK-Bold', feature 'locl', script 'kana', no language 'dflt'
fonts           > defining > font 'NotoSerifCJK-Bold', feature 'locl', script 'hang', no language 'dflt'
metapost        > initializing instance 'metafun:1' using format 'metafun' and method 'double'
metapost        > loading 'metafun' as '/home/garfileo/opt/context/tex/texmf-context/metapost/context/base/mpxl/metafun.mpxl' using method 'double'
metapost        > initializing number mode 'double'
metapost        > trace > This is MPLIB for LuaMetaTeX, version 3.14, running in double mode.
metapost        > trace > 
metapost        > trace > loading metafun for lmtx, including the plain 1.004 base definitions
metapost        > trace > 
backend         > xmp > using file '/home/garfileo/opt/context/tex/texmf-context/tex/context/base/mkiv/lpdf-pdx.xml'
pages           > flushing realpage 1, userpage 1, subpage 1
pages           > flushing realpage 2, userpage 2, subpage 2
close source    > level 1, order 6, name './2023-04-20.tex'
system          > start used files
system          > text: 2023-04-20
system          > stop used files
system          > start used files
system          >    1: filename=publ-imp-default.lua filetype=scripts foundname=/home/garfileo/opt/context/tex/texmf-context/tex/context/base/mkiv/publ-imp-default.lua fullname=/home/garfileo/opt/context/tex/texmf-context/tex/context/base/mkiv/publ-imp-default.lua usedmethod=database
system          >    2: filename=cont-new.mkxl filetype=tex foundname=/home/garfileo/opt/context/tex/texmf-context/tex/context/base/mkxl/cont-new.mkxl fullname=/home/garfileo/opt/context/tex/texmf-context/tex/context/base/mkxl/cont-new.mkxl usedmethod=database
system          >    3: filename=lang-exc.lua filetype=scripts foundname=/home/garfileo/opt/context/tex/texmf-context/tex/context/base/mkiv/lang-exc.lua fullname=/home/garfileo/opt/context/tex/texmf-context/tex/context/base/mkiv/lang-exc.lua usedmethod=database
system          >    4: filename=lang-us.lua filetype=scripts foundname=/home/garfileo/opt/context/tex/texmf-context/tex/context/patterns/mkiv/lang-us.lua fullname=/home/garfileo/opt/context/tex/texmf-context/tex/context/patterns/mkiv/lang-us.lua usedmethod=database
system          >    5: filename=/home/garfileo/documents/liyanrui.github.io/share/context/2023-04-20.tex format=tex foundname=/home/garfileo/documents/liyanrui.github.io/share/context/2023-04-20.tex fullname=/home/garfileo/documents/liyanrui.github.io/share/context/2023-04-20.tex usedmethod=direct
system          >    6: filename=xxxenv.tex format=tex foundname=xxxenv.tex fullname=/home/garfileo/documents/liyanrui.github.io/share/context/xxxenv.tex usedmethod=direct
system          >    7: filename=t-zhfonts.mkiv filetype=tex foundname=/home/garfileo/opt/context/tex/texmf-local/tex/context/third/zhfonts/t-zhfonts.mkiv fullname=/home/garfileo/opt/context/tex/texmf-local/tex/context/third/zhfonts/t-zhfonts.mkiv usedmethod=database
system          >    8: filename=t-zhfonts.lua filetype=tex format=tex foundname=/home/garfileo/opt/context/tex/texmf-local/tex/context/third/zhfonts/t-zhfonts.lua fullname=/home/garfileo/opt/context/tex/texmf-local/tex/context/third/zhfonts/t-zhfonts.lua usedmethod=database
system          >    9: filename=t-zhspuncs.lua filetype=tex format=tex foundname=/home/garfileo/opt/context/tex/texmf-local/tex/context/third/zhfonts/t-zhspuncs.lua fullname=/home/garfileo/opt/context/tex/texmf-local/tex/context/third/zhfonts/t-zhspuncs.lua usedmethod=database
system          >   10: filename=colo-imp-svg.mkiv filetype=tex foundname=/home/garfileo/opt/context/tex/texmf-context/tex/context/base/mkiv/colo-imp-svg.mkiv fullname=/home/garfileo/opt/context/tex/texmf-context/tex/context/base/mkiv/colo-imp-svg.mkiv usedmethod=database
system          >   11: filename=t-zhfonts.template filetype=tex foundname=/home/garfileo/opt/context/tex/texmf-local/tex/context/third/zhfonts/t-zhfonts.template fullname=/home/garfileo/opt/context/tex/texmf-local/tex/context/third/zhfonts/t-zhfonts.template usedmethod=database
system          >   12: filename=lm.lfg filetype=tex foundname=/home/garfileo/opt/context/tex/texmf-context/tex/context/fonts/mkiv/lm.lfg fullname=/home/garfileo/opt/context/tex/texmf-context/tex/context/fonts/mkiv/lm.lfg usedmethod=database
system          >   13: filename=type-imp-antykwa.mkiv filetype=tex foundname=/home/garfileo/opt/context/tex/texmf-context/tex/context/fonts/mkiv/type-imp-antykwa.mkiv fullname=/home/garfileo/opt/context/tex/texmf-context/tex/context/fonts/mkiv/type-imp-antykwa.mkiv usedmethod=database
system          >   14: filename=antykwa-math.lfg filetype=tex foundname=/home/garfileo/opt/context/tex/texmf-context/tex/context/fonts/mkiv/antykwa-math.lfg fullname=/home/garfileo/opt/context/tex/texmf-context/tex/context/fonts/mkiv/antykwa-math.lfg usedmethod=database
system          >   15: filename=common-math-jmn.lfg filetype=tex foundname=/home/garfileo/opt/context/tex/texmf-context/tex/context/fonts/mkiv/common-math-jmn.lfg fullname=/home/garfileo/opt/context/tex/texmf-context/tex/context/fonts/mkiv/common-math-jmn.lfg usedmethod=database
system          >   16: filename=antt-rm.map filetype=map format=map foundname=/home/garfileo/opt/context/tex/texmf/fonts/data/gust/antt-math/antt-rm.map fullname=/home/garfileo/opt/context/tex/texmf/fonts/data/gust/antt-math/antt-rm.map usedmethod=database
system          >   17: filename=antt-mi.map filetype=map format=map foundname=/home/garfileo/opt/context/tex/texmf/fonts/data/gust/antt-math/antt-mi.map fullname=/home/garfileo/opt/context/tex/texmf/fonts/data/gust/antt-math/antt-mi.map usedmethod=database
system          >   18: filename=antt-sy.map filetype=map format=map foundname=/home/garfileo/opt/context/tex/texmf/fonts/data/gust/antt-math/antt-sy.map fullname=/home/garfileo/opt/context/tex/texmf/fonts/data/gust/antt-math/antt-sy.map usedmethod=database
system          >   19: filename=antt-ex.map filetype=map format=map foundname=/home/garfileo/opt/context/tex/texmf/fonts/data/gust/antt-math/antt-ex.map fullname=/home/garfileo/opt/context/tex/texmf/fonts/data/gust/antt-math/antt-ex.map usedmethod=database
system          >   20: filename=lmroman10-regular.otf filetype=otf format=otf foundname=/home/garfileo/opt/context/tex/texmf/fonts/data/gust/lm/lmroman10-regular.otf fullname=/home/garfileo/opt/context/tex/texmf/fonts/data/gust/lm/lmroman10-regular.otf usedmethod=database
system          >   21: filename=simsun.ttc filetype=ttc format=ttc foundname=/home/garfileo/opt/context/tex/texmf-local/fonts/truetype/msfonts/simsun.ttc fullname=/home/garfileo/opt/context/tex/texmf-local/fonts/truetype/msfonts/simsun.ttc usedmethod=otherwise
system          >   22: filename=LatinModern-Math filetype=otf format=otf foundname=/home/garfileo/opt/context/tex/texmf/fonts/data/gust/lm/latinmodern-math.otf fullname=/home/garfileo/opt/context/tex/texmf/fonts/data/gust/lm/latinmodern-math.otf usedmethod=database
system          >   23: filename=rm-anttr.tfm filetype=tfm format=tfm foundname=/home/garfileo/opt/context/tex/texmf/fonts/data/gust/antt-math/rm-anttr.tfm fullname=/home/garfileo/opt/context/tex/texmf/fonts/data/gust/antt-math/rm-anttr.tfm usedmethod=database
system          >   24: filename=anttr.pfb filetype=pfb format=pfb foundname=/home/garfileo/opt/context/tex/texmf/fonts/data/gust/antt-math/anttr.pfb fullname=/home/garfileo/opt/context/tex/texmf/fonts/data/gust/antt-math/anttr.pfb usedmethod=database
system          >   25: filename=mi-anttri.tfm filetype=tfm format=tfm foundname=/home/garfileo/opt/context/tex/texmf/fonts/data/gust/antt-math/mi-anttri.tfm fullname=/home/garfileo/opt/context/tex/texmf/fonts/data/gust/antt-math/mi-anttri.tfm usedmethod=database
system          >   26: filename=anttri.pfb filetype=pfb format=pfb foundname=/home/garfileo/opt/context/tex/texmf/fonts/data/gust/antt-math/anttri.pfb fullname=/home/garfileo/opt/context/tex/texmf/fonts/data/gust/antt-math/anttri.pfb usedmethod=database
system          >   27: filename=mi-anttbi.tfm filetype=tfm format=tfm foundname=/home/garfileo/opt/context/tex/texmf/fonts/data/gust/antt-math/mi-anttbi.tfm fullname=/home/garfileo/opt/context/tex/texmf/fonts/data/gust/antt-math/mi-anttbi.tfm usedmethod=database
system          >   28: filename=anttbi.pfb filetype=pfb format=pfb foundname=/home/garfileo/opt/context/tex/texmf/fonts/data/gust/antt-math/anttbi.pfb fullname=/home/garfileo/opt/context/tex/texmf/fonts/data/gust/antt-math/anttbi.pfb usedmethod=database
system          >   29: filename=rm-anttb.tfm filetype=tfm format=tfm foundname=/home/garfileo/opt/context/tex/texmf/fonts/data/gust/antt-math/rm-anttb.tfm fullname=/home/garfileo/opt/context/tex/texmf/fonts/data/gust/antt-math/rm-anttb.tfm usedmethod=database
system          >   30: filename=anttb.pfb filetype=pfb format=pfb foundname=/home/garfileo/opt/context/tex/texmf/fonts/data/gust/antt-math/anttb.pfb fullname=/home/garfileo/opt/context/tex/texmf/fonts/data/gust/antt-math/anttb.pfb usedmethod=database
system          >   31: filename=sy-anttrz.tfm filetype=tfm format=tfm foundname=/home/garfileo/opt/context/tex/texmf/fonts/data/gust/antt-math/sy-anttrz.tfm fullname=/home/garfileo/opt/context/tex/texmf/fonts/data/gust/antt-math/sy-anttrz.tfm usedmethod=database
system          >   32: filename=AntykwaTorunska-Regular filetype=otf format=otf foundname=/home/garfileo/opt/context/tex/texmf/fonts/data/gust/antt/AntykwaTorunska-Regular.otf fullname=/home/garfileo/opt/context/tex/texmf/fonts/data/gust/antt/AntykwaTorunska-Regular.otf usedmethod=database
system          >   33: filename=ex-anttr.tfm filetype=tfm format=tfm foundname=/home/garfileo/opt/context/tex/texmf/fonts/data/gust/antt-math/ex-anttr.tfm fullname=/home/garfileo/opt/context/tex/texmf/fonts/data/gust/antt-math/ex-anttr.tfm usedmethod=database
system          >   34: filename=lmroman10-bold.otf filetype=otf format=otf foundname=/home/garfileo/opt/context/tex/texmf/fonts/data/gust/lm/lmroman10-bold.otf fullname=/home/garfileo/opt/context/tex/texmf/fonts/data/gust/lm/lmroman10-bold.otf usedmethod=database
system          >   35: filename=NotoSerifCJK-Bold.ttc filetype=ttc format=ttc foundname=/home/garfileo/opt/context/tex/texmf-local/fonts/opentype/noto/NotoSerifCJK-Bold.ttc fullname=/home/garfileo/opt/context/tex/texmf-local/fonts/opentype/noto/NotoSerifCJK-Bold.ttc usedmethod=otherwise
system          >   36: filename=metafun.mpxl filetype=mp foundname=/home/garfileo/opt/context/tex/texmf-context/metapost/context/base/mpxl/metafun.mpxl fullname=/home/garfileo/opt/context/tex/texmf-context/metapost/context/base/mpxl/metafun.mpxl usedmethod=database
system          >   37: filename=mp-base.mpxl filetype=mp foundname=/home/garfileo/opt/context/tex/texmf-context/metapost/context/base/mpxl/mp-base.mpxl fullname=/home/garfileo/opt/context/tex/texmf-context/metapost/context/base/mpxl/mp-base.mpxl usedmethod=database
system          >   38: filename=mp-tool.mpxl filetype=mp foundname=/home/garfileo/opt/context/tex/texmf-context/metapost/context/base/mpxl/mp-tool.mpxl fullname=/home/garfileo/opt/context/tex/texmf-context/metapost/context/base/mpxl/mp-tool.mpxl usedmethod=database
system          >   39: filename=mp-luas.mpxl filetype=mp foundname=/home/garfileo/opt/context/tex/texmf-context/metapost/context/base/mpxl/mp-luas.mpxl fullname=/home/garfileo/opt/context/tex/texmf-context/metapost/context/base/mpxl/mp-luas.mpxl usedmethod=database
system          >   40: filename=mp-mlib.mpxl filetype=mp foundname=/home/garfileo/opt/context/tex/texmf-context/metapost/context/base/mpxl/mp-mlib.mpxl fullname=/home/garfileo/opt/context/tex/texmf-context/metapost/context/base/mpxl/mp-mlib.mpxl usedmethod=database
system          >   41: filename=mp-math.mpxl filetype=mp foundname=/home/garfileo/opt/context/tex/texmf-context/metapost/context/base/mpxl/mp-math.mpxl fullname=/home/garfileo/opt/context/tex/texmf-context/metapost/context/base/mpxl/mp-math.mpxl usedmethod=database
system          >   42: filename=mp-cont.mpxl filetype=mp foundname=/home/garfileo/opt/context/tex/texmf-context/metapost/context/base/mpxl/mp-cont.mpxl fullname=/home/garfileo/opt/context/tex/texmf-context/metapost/context/base/mpxl/mp-cont.mpxl usedmethod=database
system          >   43: filename=mp-page.mpxl filetype=mp foundname=/home/garfileo/opt/context/tex/texmf-context/metapost/context/base/mpxl/mp-page.mpxl fullname=/home/garfileo/opt/context/tex/texmf-context/metapost/context/base/mpxl/mp-page.mpxl usedmethod=database
system          >   44: filename=mp-butt.mpxl filetype=mp foundname=/home/garfileo/opt/context/tex/texmf-context/metapost/context/base/mpxl/mp-butt.mpxl fullname=/home/garfileo/opt/context/tex/texmf-context/metapost/context/base/mpxl/mp-butt.mpxl usedmethod=database
system          >   45: filename=mp-shap.mpxl filetype=mp foundname=/home/garfileo/opt/context/tex/texmf-context/metapost/context/base/mpxl/mp-shap.mpxl fullname=/home/garfileo/opt/context/tex/texmf-context/metapost/context/base/mpxl/mp-shap.mpxl usedmethod=database
system          >   46: filename=mp-grph.mpxl filetype=mp foundname=/home/garfileo/opt/context/tex/texmf-context/metapost/context/base/mpxl/mp-grph.mpxl fullname=/home/garfileo/opt/context/tex/texmf-context/metapost/context/base/mpxl/mp-grph.mpxl usedmethod=database
system          >   47: filename=mp-grid.mpxl filetype=mp foundname=/home/garfileo/opt/context/tex/texmf-context/metapost/context/base/mpxl/mp-grid.mpxl fullname=/home/garfileo/opt/context/tex/texmf-context/metapost/context/base/mpxl/mp-grid.mpxl usedmethod=database
system          >   48: filename=mp-form.mpxl filetype=mp foundname=/home/garfileo/opt/context/tex/texmf-context/metapost/context/base/mpxl/mp-form.mpxl fullname=/home/garfileo/opt/context/tex/texmf-context/metapost/context/base/mpxl/mp-form.mpxl usedmethod=database
system          >   49: filename=mp-figs.mpxl filetype=mp foundname=/home/garfileo/opt/context/tex/texmf-context/metapost/context/base/mpxl/mp-figs.mpxl fullname=/home/garfileo/opt/context/tex/texmf-context/metapost/context/base/mpxl/mp-figs.mpxl usedmethod=database
system          >   50: filename=mp-func.mpxl filetype=mp foundname=/home/garfileo/opt/context/tex/texmf-context/metapost/context/base/mpxl/mp-func.mpxl fullname=/home/garfileo/opt/context/tex/texmf-context/metapost/context/base/mpxl/mp-func.mpxl usedmethod=database
system          >   51: filename=mp-node.mpxl filetype=mp foundname=/home/garfileo/opt/context/tex/texmf-context/metapost/context/base/mpxl/mp-node.mpxl fullname=/home/garfileo/opt/context/tex/texmf-context/metapost/context/base/mpxl/mp-node.mpxl usedmethod=database
system          >   52: filename=mp-apos.mpxl filetype=mp foundname=/home/garfileo/opt/context/tex/texmf-context/metapost/context/base/mpxl/mp-apos.mpxl fullname=/home/garfileo/opt/context/tex/texmf-context/metapost/context/base/mpxl/mp-apos.mpxl usedmethod=database
system          >   53: filename=mp-abck.mpxl filetype=mp foundname=/home/garfileo/opt/context/tex/texmf-context/metapost/context/base/mpxl/mp-abck.mpxl fullname=/home/garfileo/opt/context/tex/texmf-context/metapost/context/base/mpxl/mp-abck.mpxl usedmethod=database
system          >   54: filename=mp-asnc.mpxl filetype=mp foundname=/home/garfileo/opt/context/tex/texmf-context/metapost/context/base/mpxl/mp-asnc.mpxl fullname=/home/garfileo/opt/context/tex/texmf-context/metapost/context/base/mpxl/mp-asnc.mpxl usedmethod=database
system          >   55: filename=mp-blob.mpxl filetype=mp foundname=/home/garfileo/opt/context/tex/texmf-context/metapost/context/base/mpxl/mp-blob.mpxl fullname=/home/garfileo/opt/context/tex/texmf-context/metapost/context/base/mpxl/mp-blob.mpxl usedmethod=database
system          >   56: filename=mp-lmtx.mpxl filetype=mp foundname=/home/garfileo/opt/context/tex/texmf-context/metapost/context/base/mpxl/mp-lmtx.mpxl fullname=/home/garfileo/opt/context/tex/texmf-context/metapost/context/base/mpxl/mp-lmtx.mpxl usedmethod=database
system          >   57: filename=mp-text.mpxl filetype=mp foundname=/home/garfileo/opt/context/tex/texmf-context/metapost/context/base/mpxl/mp-text.mpxl fullname=/home/garfileo/opt/context/tex/texmf-context/metapost/context/base/mpxl/mp-text.mpxl usedmethod=database
system          >   58: filename=lpdf-pdx.xml filetype=tex foundname=/home/garfileo/opt/context/tex/texmf-context/tex/context/base/mkiv/lpdf-pdx.xml fullname=/home/garfileo/opt/context/tex/texmf-context/tex/context/base/mkiv/lpdf-pdx.xml usedmethod=database
system          >   59: filename=figures/2023-04-20.jpg foundname=figures/2023-04-20.jpg fullname=/home/garfileo/documents/liyanrui.github.io/share/context/figures/2023-04-20.jpg usedmethod=direct
system          > stop used files
system          > start commandline options
system          > currentrun="2"
system          > fulljobname="./2023-04-20.tex"
system          > input="./2023-04-20.tex"
system          > kindofrun="2"
system          > maxnofruns="9"
system          > texmfbinpath="/home/garfileo/opt/context/tex/texmf-linux-64/bin"
system          > stop commandline options
system          > start commandline files
system          >    1: ./2023-04-20.tex
system          > stop commandline files
modules         > start used modules
modules         > loaded : *-zhfonts
modules         > stop used modules
system          > 
system          > status after finishing run
system          > 
system          >   -----------------------------------------------------------------------------------------------------------------------------------------------------------------------------------
system          >           string       pool       hash     lookup       node      token     buffer      input       file       nest  parameter       save       font   language       mark     insert
system          >   -----------------------------------------------------------------------------------------------------------------------------------------------------------------------------------
system          >   max    2097152  100000000    2097152    2097152  100000000   10000000  100000000     100000       2000      10000     100000     500000     100000      10000      10000        500
system          >   min     150000   10000000     150000     150000    2000000    1000000    1000000      10000        500       1000      20000     100000        250        250         50         10
system          >   set     500000   10000000     250000     250000   50000000   10000000   10000000     100000       2000      10000     100000     500000     100000        250        250        250
system          >   stp     100000    1000000     100000     100000     500000     250000    1000000      10000        250       1000      10000      10000        250        250         50         25
system          > 
system          >   mem     150000     969563     150000               2000000    1000000    1000000      10000        500       1000      20000      10000   13648028        144       1200        320
system          >   all    2400000     969563    2400000              18000000    8000000    1000000     320000      16000      72000      80000     160000   13648028        144      28800      10240
system          > 
system          >   ini    2145285     911436          0      48117          0     528456                                                                                       0                      
system          >   ptr      51119                 10355      51103                590674          0          0          0          0          0          0         70          0          0          7
system          >   top      51120                740854     131074      21112     600455        417         35          9         14         36        591        250        250         50         10
system          >   -----------------------------------------------------------------------------------------------------------------------------------------------------------------------------------
system          > 
system          >   current input type    : initial
system          > 
system          >   approximate memory    : 52115687 (49 MB)
system          > 
system          >   expansion depth       : min: 10000, max: 1000000, set: 10000, top: 10
system          > 
system          >   luabytecode registers : 1008
system          >   luabytecode bytes     : 16144 (0 MB)
system          >   luastate bytes now    : 195741297 (186 MB)
system          >   luastate bytes max    : 195754632 (186 MB)
system          > 
system          >   file callbacks        : 725
system          >   saved callbacks       : 1434
system          >   direct callbacks      : 12
system          >   function callbacks    : 2636
system          >   value callbacks       : 3
system          >   message callbacks     : 0
system          >   bytecode callbacks    : 613
system          > 
system          >   mp instances          : 1
system          >   mp estimated memory   : 4057768 (3 MB)
system          >   mp file callbacks     : 13699
system          >   mp text callbacks     : 0
system          >   mp script callbacks   : 383
system          >   mp log callbacks      : 19
system          > 
system          >   total callbacks       : 5423
system          >   mp total callbacks    : 14101
system          >   backend callbacks     : 0
system          > 
mkiv lua stats  > used config file: selfautoparent:/texmf/web2c/texmfcnf.lua
mkiv lua stats  > used cache path: /home/garfileo/opt/context/tex/texmf-cache/luametatex-cache/context/5fe67e0bfe781ce0dde776fb1556f32e
mkiv lua stats  > resource resolver: loadtime 0.006 seconds, 0 scans with scantime 0.000 seconds, 0 shared scans, 59 found files, scanned paths: <none>
mkiv lua stats  > stored bytecode data: 508 modules (0.231 sec), 105 tables (0.017 sec), 613 chunks (0.248 sec)
mkiv lua stats  > traced context: maxstack: 1669, freed: 2, unreachable: 1667
mkiv lua stats  > cleaned up reserved nodes: 79 nodes, 7 lists of 435
mkiv lua stats  > node memory usage: 12 attribute, 1 glue, 136 gluespec, 3 kern, 645 mathspec, 3 penalty, 2 temp
mkiv lua stats  > node list callback tasks: 13 unique task lists, 12 instances (re)created, 301 calls
mkiv lua stats  > used backend: pdf
mkiv lua stats  > jobdata time: 0.001 seconds saving, 0.001 seconds loading
mkiv lua stats  > callbacks: file: 725, saved: 1434, direct: 12, function: 2636, value: 3, message: 0, bytecode: 613, late 0, total: 5423 (2712 per page)
mkiv lua stats  > randomizer: resumed with value 0.14418217359816
mkiv lua stats  > loaded tex modules: 1 requested, all found (*-zhfonts)
mkiv lua stats  > loaded patterns: cn::58 en::1, load time: 0.000
mkiv lua stats  > loaded fonts: 12 files: notoserifcjk-bold.ttc, simsun.ttc, ex-anttr.tfm, mi-anttbi.tfm, mi-anttri.tfm, rm-anttb.tfm, rm-anttr.tfm, sy-anttrz.tfm, antykwatorunska-regular.otf, latinmodern-math.otf, lmroman10-bold.otf, lmroman10-regular.otf
mkiv lua stats  > font engine: otf 3.133, afm 1.513, tfm 1.000, 10 instances, 4 shared in backend, 0 common vectors, 4 common hashes, load time 0.669 seconds 
mkiv lua stats  > metapost: 0.000 seconds, loading: 0.031, execution: 0.000, n: 3, average: 0.010, instances: 1, luacalls: 14101 (file: 13699, text: 0, script: 383, log: 19), memory: 3.870 M
mkiv lua stats  > graphics processing time: 0.003 seconds including tex, 1 processed images, 1 unique asked, 0 bad names
mkiv lua stats  > font embedding time: 0.080 seconds, 8 fonts
mkiv lua stats  > result saved in file: 2023-04-20.pdf, compresslevel 1, objectcompresslevel 3
mkiv lua stats  > positions: 4 collected, 0 deltas, 0 shared partials, 0 partial entries
mkiv lua stats  > used platform: linux-64, type: unix, binary subtree: texmf-linux-64
mkiv lua stats  > used engine: luametatex version: 2.1008, functionality level: 20230407, format id: 687, compiler: gcc
mkiv lua stats  > tex properties: 740854 hash slots used of 2097152, 51103 control sequences, approximate memory usage: 49 MB
mkiv lua stats  > lua properties: engine: lua 5.4, used memory: 192 MB, ctx: 186 MB, max: 186 MB, symbol mask: utf (τεχ)
mkiv lua stats  > runtime: 1.179 seconds, 2 processed pages, 2 shipped pages, 1.696 pages/second
